0 silly input [ 'build' ]
1 silly flags { _: [ 'run' ], script: 'build', args: [] }
2 verbose rootPath /Users/datar/git/playalong-monorepo
3 info version 2.0.0
4 info versioning independent
5 silly existsSync /Users/datar/git/playalong-monorepo/VERSION
6 silly initialize attempt
7 silly initialize success
8 silly execute attempt
9 silly runScriptInDir build [] playalong-components
10 silly getExecOpts { cwd: '/Users/datar/git/playalong-monorepo/packages/playalong-components' }
11 error build Errored while running script in 'playalong-components'
12 error execute Error: Command failed: npm run build
12 error execute sh: npm-run-all: command not found
12 error execute npm ERR! file sh
12 error execute npm ERR! code ELIFECYCLE
12 error execute npm ERR! errno ENOENT
12 error execute npm ERR! syscall spawn
12 error execute npm ERR! playalong-components@0.1.19 build: `npm-run-all --parallel build:commonjs build:utils build:css build:copy-files build:docs`
12 error execute npm ERR! spawn ENOENT
12 error execute npm ERR!
12 error execute npm ERR! Failed at the playalong-components@0.1.19 build script.
12 error execute npm ERR! This is probably not a problem with npm. There is likely additional logging output above.
12 error execute npm WARN Local package.json exists, but node_modules missing, did you mean to install?
12 error execute
12 error execute npm ERR! A complete log of this run can be found in:
12 error execute npm ERR!     /Users/datar/.npm/_logs/2017-10-13T09_38_00_856Z-debug.log
12 error execute
12 error execute > playalong-components@0.1.19 prebuild /Users/datar/git/playalong-monorepo/packages/playalong-components
12 error execute > rimraf lib
12 error execute
12 error execute
12 error execute > playalong-components@0.1.19 build /Users/datar/git/playalong-monorepo/packages/playalong-components
12 error execute > npm-run-all --parallel build:commonjs build:utils build:css build:copy-files build:docs
12 error execute
12 error execute
12 error execute     at Promise.all.then.arr (/usr/local/lib/node_modules/lerna/node_modules/execa/index.js:210:11)
12 error execute     at process._tickCallback (internal/process/next_tick.js:109:7)
12 error execute  callback with error
12 error execute  { Error: Command failed: npm run build
12 error execute sh: npm-run-all: command not found
12 error execute npm ERR! file sh
12 error execute npm ERR! code ELIFECYCLE
12 error execute npm ERR! errno ENOENT
12 error execute npm ERR! syscall spawn
12 error execute npm ERR! playalong-components@0.1.19 build: `npm-run-all --parallel build:commonjs build:utils build:css build:copy-files build:docs`
12 error execute npm ERR! spawn ENOENT
12 error execute npm ERR!
12 error execute npm ERR! Failed at the playalong-components@0.1.19 build script.
12 error execute npm ERR! This is probably not a problem with npm. There is likely additional logging output above.
12 error execute npm WARN Local package.json exists, but node_modules missing, did you mean to install?
12 error execute
12 error execute npm ERR! A complete log of this run can be found in:
12 error execute npm ERR!     /Users/datar/.npm/_logs/2017-10-13T09_38_00_856Z-debug.log
12 error execute
12 error execute > playalong-components@0.1.19 prebuild /Users/datar/git/playalong-monorepo/packages/playalong-components
12 error execute > rimraf lib
12 error execute
12 error execute
12 error execute > playalong-components@0.1.19 build /Users/datar/git/playalong-monorepo/packages/playalong-components
12 error execute > npm-run-all --parallel build:commonjs build:utils build:css build:copy-files build:docs
12 error execute
12 error execute
12 error execute     at Promise.all.then.arr (/usr/local/lib/node_modules/lerna/node_modules/execa/index.js:210:11)
12 error execute     at process._tickCallback (internal/process/next_tick.js:109:7)
12 error execute   stack: 'Error: Command failed: npm run build\nsh: npm-run-all: command not found\nnpm ERR! file sh\nnpm ERR! code ELIFECYCLE\nnpm ERR! errno ENOENT\nnpm ERR! syscall spawn\nnpm ERR! playalong-components@0.1.19 build: `npm-run-all --parallel build:commonjs build:utils build:css build:copy-files build:docs`\nnpm ERR! spawn ENOENT\nnpm ERR! \nnpm ERR! Failed at the playalong-components@0.1.19 build script.\nnpm ERR! This is probably not a problem with npm. There is likely additional logging output above.\nnpm WARN Local package.json exists, but node_modules missing, did you mean to install?\n\nnpm ERR! A complete log of this run can be found in:\nnpm ERR!     /Users/datar/.npm/_logs/2017-10-13T09_38_00_856Z-debug.log\n\n> playalong-components@0.1.19 prebuild /Users/datar/git/playalong-monorepo/packages/playalong-components\n> rimraf lib\n\n\n> playalong-components@0.1.19 build /Users/datar/git/playalong-monorepo/packages/playalong-components\n> npm-run-all --parallel build:commonjs build:utils build:css build:copy-files build:docs\n\n\n    at Promise.all.then.arr (/usr/local/lib/node_modules/lerna/node_modules/execa/index.js:210:11)\n    at process._tickCallback (internal/process/next_tick.js:109:7)',
12 error execute   code: 1,
12 error execute   killed: false,
12 error execute   stdout: '\n> playalong-components@0.1.19 prebuild /Users/datar/git/playalong-monorepo/packages/playalong-components\n> rimraf lib\n\n\n> playalong-components@0.1.19 build /Users/datar/git/playalong-monorepo/packages/playalong-components\n> npm-run-all --parallel build:commonjs build:utils build:css build:copy-files build:docs\n\n',
12 error execute   stderr: 'sh: npm-run-all: command not found\nnpm ERR! file sh\nnpm ERR! code ELIFECYCLE\nnpm ERR! errno ENOENT\nnpm ERR! syscall spawn\nnpm ERR! playalong-components@0.1.19 build: `npm-run-all --parallel build:commonjs build:utils build:css build:copy-files build:docs`\nnpm ERR! spawn ENOENT\nnpm ERR! \nnpm ERR! Failed at the playalong-components@0.1.19 build script.\nnpm ERR! This is probably not a problem with npm. There is likely additional logging output above.\nnpm WARN Local package.json exists, but node_modules missing, did you mean to install?\n\nnpm ERR! A complete log of this run can be found in:\nnpm ERR!     /Users/datar/.npm/_logs/2017-10-13T09_38_00_856Z-debug.log\n',
12 error execute   failed: true,
12 error execute   signal: null,
12 error execute   cmd: 'npm run build',
12 error execute   timedOut: false }
